<?xml version="1.0" encoding="UTF-8"?>
<coverage generated="1721991757342" clover="3.2.0">
  <project timestamp="1721991757342" name="All files">
    <metrics statements="15" coveredstatements="15" conditionals="2" coveredconditionals="2" methods="9" coveredmethods="9" elements="26" coveredelements="26" complexity="0" loc="15" ncloc="15" packages="4" files="5" classes="5"/>
    <package name="components">
      <metrics statements="9" coveredstatements="9" conditionals="2" coveredconditionals="2" methods="6" coveredmethods="6"/>
      <file name="Header.js" path="C:\Users\Windows\Desktop\react-learn\src\components\Header.js">
        <metrics statements="5" coveredstatements="5" conditionals="2" coveredconditionals="2" methods="3" coveredmethods="3"/>
        <line num="9" count="3" type="stmt"/>
        <line num="10" count="5" type="stmt"/>
        <line num="11" count="3" type="stmt"/>
        <line num="12" count="3" type="stmt"/>
        <line num="37" count="1" type="stmt"/>
      </file>
      <file name="RestrauntCard.js" path="C:\Users\Windows\Desktop\react-learn\src\components\RestrauntCard.js">
        <metrics statements="4" coveredstatements="4" conditionals="0" coveredconditionals="0" methods="3" coveredmethods="3"/>
        <line num="7" count="2" type="stmt"/>
        <line num="8" count="2" type="stmt"/>
        <line num="29" count="1" type="stmt"/>
        <line num="30" count="1" type="stmt"/>
      </file>
    </package>
    <package name="screens.contact">
      <metrics statements="2" coveredstatements="2" conditionals="0" coveredconditionals="0" methods="1" coveredmethods="1"/>
      <file name="Contact.js" path="C:\Users\Windows\Desktop\react-learn\src\screens\contact\Contact.js">
        <metrics statements="2" coveredstatements="2" conditionals="0" coveredconditionals="0" methods="1" coveredmethods="1"/>
        <line num="1" count="1" type="stmt"/>
        <line num="2" count="3" type="stmt"/>
      </file>
    </package>
    <package name="test-lab.testing">
      <metrics statements="2" coveredstatements="2" conditionals="0" coveredconditionals="0" methods="1" coveredmethods="1"/>
      <file name="sum.js" path="C:\Users\Windows\Desktop\react-learn\src\test-lab\testing\sum.js">
        <metrics statements="2" coveredstatements="2" conditionals="0" coveredconditionals="0" methods="1" coveredmethods="1"/>
        <line num="1" count="1" type="stmt"/>
        <line num="2" count="1" type="stmt"/>
      </file>
    </package>
    <package name="utils.redux">
      <metrics statements="2" coveredstatements="2" conditionals="0" coveredconditionals="0" methods="1" coveredmethods="1"/>
      <file name="appStore.js" path="C:\Users\Windows\Desktop\react-learn\src\utils\redux\appStore.js">
        <metrics statements="2" coveredstatements="2" conditionals="0" coveredconditionals="0" methods="1" coveredmethods="1"/>
        <line num="5" count="1" type="stmt"/>
        <line num="11" count="1" type="stmt"/>
      </file>
    </package>
  </project>
</coverage>
