{"C:\\Users\\Windows\\Desktop\\react-learn\\src\\components\\Header.js": {"path":"C:\\Users\\Windows\\Desktop\\react-learn\\src\\components\\Header.js","statementMap":{"0":{"start":{"line":9,"column":15},"end":{"line":9,"column":38}},"1":{"start":{"line":10,"column":15},"end":{"line":10,"column":55}},"2":{"start":{"line":10,"column":38},"end":{"line":10,"column":54}},"3":{"start":{"line":11,"column":38},"end":{"line":11,"column":53}},"4":{"start":{"line":12,"column":2},"end":{"line":46,"column":4}},"5":{"start":{"line":37,"column":16},"end":{"line":37,"column":43}}},"fnMap":{"0":{"name":"Header","decl":{"start":{"line":8,"column":16},"end":{"line":8,"column":22}},"loc":{"start":{"line":8,"column":25},"end":{"line":47,"column":1}},"line":8},"1":{"name":"(anonymous_1)","decl":{"start":{"line":10,"column":27},"end":{"line":10,"column":28}},"loc":{"start":{"line":10,"column":38},"end":{"line":10,"column":54}},"line":10},"2":{"name":"(anonymous_2)","decl":{"start":{"line":36,"column":23},"end":{"line":36,"column":24}},"loc":{"start":{"line":36,"column":29},"end":{"line":38,"column":15}},"line":36}},"branchMap":{"0":{"loc":{"start":{"line":40,"column":15},"end":{"line":40,"column":46}},"type":"cond-expr","locations":[{"start":{"line":40,"column":28},"end":{"line":40,"column":36}},{"start":{"line":40,"column":39},"end":{"line":40,"column":46}}],"line":40}},"s":{"0":3,"1":3,"2":5,"3":3,"4":3,"5":1},"f":{"0":3,"1":5,"2":1},"b":{"0":[1,2]},"_coverageSchema":"1a1c01bbd47fc00a2c39e90264f33305004495a9","hash":"2ad034886f4a8365fe71600eeedd4489d721e193"}
,"C:\\Users\\Windows\\Desktop\\react-learn\\src\\components\\RestrauntCard.js": {"path":"C:\\Users\\Windows\\Desktop\\react-learn\\src\\components\\RestrauntCard.js","statementMap":{"0":{"start":{"line":7,"column":15},"end":{"line":7,"column":38}},"1":{"start":{"line":8,"column":2},"end":{"line":25,"column":4}},"2":{"start":{"line":29,"column":2},"end":{"line":36,"column":4}},"3":{"start":{"line":30,"column":4},"end":{"line":35,"column":6}}},"fnMap":{"0":{"name":"RestrauntCard","decl":{"start":{"line":6,"column":9},"end":{"line":6,"column":22}},"loc":{"start":{"line":6,"column":33},"end":{"line":26,"column":1}},"line":6},"1":{"name":"withPromoted","decl":{"start":{"line":28,"column":16},"end":{"line":28,"column":28}},"loc":{"start":{"line":28,"column":44},"end":{"line":37,"column":1}},"line":28},"2":{"name":"(anonymous_2)","decl":{"start":{"line":29,"column":9},"end":{"line":29,"column":10}},"loc":{"start":{"line":29,"column":20},"end":{"line":36,"column":3}},"line":29}},"branchMap":{},"s":{"0":2,"1":2,"2":1,"3":1},"f":{"0":2,"1":1,"2":1},"b":{},"_coverageSchema":"1a1c01bbd47fc00a2c39e90264f33305004495a9","hash":"9ac0949a1e61c0837b48f79ca7d0af98ae0e3b89"}
,"C:\\Users\\Windows\\Desktop\\react-learn\\src\\screens\\contact\\Contact.js": {"path":"C:\\Users\\Windows\\Desktop\\react-learn\\src\\screens\\contact\\Contact.js","statementMap":{"0":{"start":{"line":1,"column":16},"end":{"line":18,"column":1}},"1":{"start":{"line":2,"column":2},"end":{"line":17,"column":4}}},"fnMap":{"0":{"name":"(anonymous_0)","decl":{"start":{"line":1,"column":16},"end":{"line":1,"column":17}},"loc":{"start":{"line":1,"column":22},"end":{"line":18,"column":1}},"line":1}},"branchMap":{},"s":{"0":1,"1":3},"f":{"0":3},"b":{},"_coverageSchema":"1a1c01bbd47fc00a2c39e90264f33305004495a9","hash":"1349b4327e3f119c5d214a569c675dd4e93b861e"}
,"C:\\Users\\Windows\\Desktop\\react-learn\\src\\test-lab\\testing\\sum.js": {"path":"C:\\Users\\Windows\\Desktop\\react-learn\\src\\test-lab\\testing\\sum.js","statementMap":{"0":{"start":{"line":1,"column":19},"end":{"line":3,"column":1}},"1":{"start":{"line":2,"column":2},"end":{"line":2,"column":15}}},"fnMap":{"0":{"name":"(anonymous_0)","decl":{"start":{"line":1,"column":19},"end":{"line":1,"column":20}},"loc":{"start":{"line":1,"column":29},"end":{"line":3,"column":1}},"line":1}},"branchMap":{},"s":{"0":1,"1":1},"f":{"0":1},"b":{},"_coverageSchema":"1a1c01bbd47fc00a2c39e90264f33305004495a9","hash":"8dd00f016fc8826b0899e80f9605e2a7a9627b8f"}
,"C:\\Users\\Windows\\Desktop\\react-learn\\src\\utils\\redux\\appStore.js": {"path":"C:\\Users\\Windows\\Desktop\\react-learn\\src\\utils\\redux\\appStore.js","statementMap":{"0":{"start":{"line":5,"column":17},"end":{"line":12,"column":2}},"1":{"start":{"line":11,"column":4},"end":{"line":11,"column":53}}},"fnMap":{"0":{"name":"(anonymous_0)","decl":{"start":{"line":10,"column":14},"end":{"line":10,"column":15}},"loc":{"start":{"line":11,"column":4},"end":{"line":11,"column":53}},"line":11}},"branchMap":{},"s":{"0":1,"1":1},"f":{"0":1},"b":{},"_coverageSchema":"1a1c01bbd47fc00a2c39e90264f33305004495a9","hash":"4433ab20014e151ebb245f557bd2837b154aa33d"}
}
