TN:
SF:src\components\Header.js
FN:8,Header
FN:10,(anonymous_1)
FN:36,(anonymous_2)
FNF:3
FNH:3
FNDA:3,Header
FNDA:5,(anonymous_1)
FNDA:1,(anonymous_2)
DA:9,3
DA:10,5
DA:11,3
DA:12,3
DA:37,1
LF:5
LH:5
BRDA:40,0,0,1
BRDA:40,0,1,2
BRF:2
BRH:2
end_of_record
TN:
SF:src\components\RestrauntCard.js
FN:6,RestrauntCard
FN:28,withPromoted
FN:29,(anonymous_2)
FNF:3
FNH:3
FNDA:2,RestrauntCard
FNDA:1,withPromoted
FNDA:1,(anonymous_2)
DA:7,2
DA:8,2
DA:29,1
DA:30,1
LF:4
LH:4
BRF:0
BRH:0
end_of_record
TN:
SF:src\screens\contact\Contact.js
FN:1,(anonymous_0)
FNF:1
FNH:1
FNDA:3,(anonymous_0)
DA:1,1
DA:2,3
LF:2
LH:2
BRF:0
BRH:0
end_of_record
TN:
SF:src\test-lab\testing\sum.js
FN:1,(anonymous_0)
FNF:1
FNH:1
FNDA:1,(anonymous_0)
DA:1,1
DA:2,1
LF:2
LH:2
BRF:0
BRH:0
end_of_record
TN:
SF:src\utils\redux\appStore.js
FN:10,(anonymous_0)
FNF:1
FNH:1
FNDA:1,(anonymous_0)
DA:5,1
DA:11,1
LF:2
LH:2
BRF:0
BRH:0
end_of_record
